<?xml version="1.0" encoding="UTF-8"?>
<testsuite xmlns:xsi="http://www.w3.org/2001/XMLSchema-instance" xsi:noNamespaceSchemaLocation="https://maven.apache.org/surefire/maven-surefire-plugin/xsd/surefire-test-report-3.0.xsd" version="3.0" name="es.ies.puerto.Ejercicio4Test" time="0.071" tests="8" errors="3" skipped="0" failures="2">
  <properties>
    <property name="java.specification.version" value="17"/>
    <property name="sun.jnu.encoding" value="UTF-8"/>
    <property name="java.class.path" value="/home/dam/1DAM/PRO/Repository/programming/practices/logica-fechas2/target/test-classes:/home/dam/1DAM/PRO/Repository/programming/practices/logica-fechas2/target/classes:/home/dam/.m2/repository/org/junit/jupiter/junit-jupiter-api/5.10.0/junit-jupiter-api-5.10.0.jar:/home/dam/.m2/repository/org/opentest4j/opentest4j/1.3.0/opentest4j-1.3.0.jar:/home/dam/.m2/repository/org/junit/platform/junit-platform-commons/1.10.0/junit-platform-commons-1.10.0.jar:/home/dam/.m2/repository/org/apiguardian/apiguardian-api/1.1.2/apiguardian-api-1.1.2.jar:/home/dam/.m2/repository/org/junit/jupiter/junit-jupiter-engine/5.10.0/junit-jupiter-engine-5.10.0.jar:/home/dam/.m2/repository/org/junit/platform/junit-platform-engine/1.10.0/junit-platform-engine-1.10.0.jar:/home/dam/.m2/repository/org/mockito/mockito-core/5.4.0/mockito-core-5.4.0.jar:/home/dam/.m2/repository/net/bytebuddy/byte-buddy/1.14.5/byte-buddy-1.14.5.jar:/home/dam/.m2/repository/net/bytebuddy/byte-buddy-agent/1.14.5/byte-buddy-agent-1.14.5.jar:/home/dam/.m2/repository/org/objenesis/objenesis/3.3/objenesis-3.3.jar:/home/dam/.m2/repository/org/mockito/mockito-junit-jupiter/5.4.0/mockito-junit-jupiter-5.4.0.jar:/home/dam/.m2/repository/org/simpleframework/simple-xml/2.7.1/simple-xml-2.7.1.jar:/home/dam/.m2/repository/stax/stax-api/1.0.1/stax-api-1.0.1.jar:/home/dam/.m2/repository/stax/stax/1.2.0/stax-1.2.0.jar:/home/dam/.m2/repository/xpp3/xpp3/1.1.3.3/xpp3-1.1.3.3.jar:/home/dam/.m2/repository/com/google/code/gson/gson/2.8.9/gson-2.8.9.jar:/home/dam/.m2/repository/org/xerial/sqlite-jdbc/3.45.2.0/sqlite-jdbc-3.45.2.0.jar:/home/dam/.m2/repository/org/slf4j/slf4j-api/1.7.36/slf4j-api-1.7.36.jar:"/>
    <property name="java.vm.vendor" value="Private Build"/>
    <property name="sun.arch.data.model" value="64"/>
    <property name="java.vendor.url" value="Unknown"/>
    <property name="user.timezone" value="Atlantic/Canary"/>
    <property name="os.name" value="Linux"/>
    <property name="java.vm.specification.version" value="17"/>
    <property name="sun.java.launcher" value="SUN_STANDARD"/>
    <property name="user.country" value="ES"/>
    <property name="sun.boot.library.path" value="/usr/lib/jvm/java-17-openjdk-amd64/lib"/>
    <property name="sun.java.command" value="/home/dam/1DAM/PRO/Repository/programming/practices/logica-fechas2/target/surefire/surefirebooter-20250124200339635_3.jar /home/dam/1DAM/PRO/Repository/programming/practices/logica-fechas2/target/surefire 2025-01-24T20-03-39_561-jvmRun1 surefire-20250124200339635_1tmp surefire_0-20250124200339635_2tmp"/>
    <property name="jdk.debug" value="release"/>
    <property name="surefire.test.class.path" value="/home/dam/1DAM/PRO/Repository/programming/practices/logica-fechas2/target/test-classes:/home/dam/1DAM/PRO/Repository/programming/practices/logica-fechas2/target/classes:/home/dam/.m2/repository/org/junit/jupiter/junit-jupiter-api/5.10.0/junit-jupiter-api-5.10.0.jar:/home/dam/.m2/repository/org/opentest4j/opentest4j/1.3.0/opentest4j-1.3.0.jar:/home/dam/.m2/repository/org/junit/platform/junit-platform-commons/1.10.0/junit-platform-commons-1.10.0.jar:/home/dam/.m2/repository/org/apiguardian/apiguardian-api/1.1.2/apiguardian-api-1.1.2.jar:/home/dam/.m2/repository/org/junit/jupiter/junit-jupiter-engine/5.10.0/junit-jupiter-engine-5.10.0.jar:/home/dam/.m2/repository/org/junit/platform/junit-platform-engine/1.10.0/junit-platform-engine-1.10.0.jar:/home/dam/.m2/repository/org/mockito/mockito-core/5.4.0/mockito-core-5.4.0.jar:/home/dam/.m2/repository/net/bytebuddy/byte-buddy/1.14.5/byte-buddy-1.14.5.jar:/home/dam/.m2/repository/net/bytebuddy/byte-buddy-agent/1.14.5/byte-buddy-agent-1.14.5.jar:/home/dam/.m2/repository/org/objenesis/objenesis/3.3/objenesis-3.3.jar:/home/dam/.m2/repository/org/mockito/mockito-junit-jupiter/5.4.0/mockito-junit-jupiter-5.4.0.jar:/home/dam/.m2/repository/org/simpleframework/simple-xml/2.7.1/simple-xml-2.7.1.jar:/home/dam/.m2/repository/stax/stax-api/1.0.1/stax-api-1.0.1.jar:/home/dam/.m2/repository/stax/stax/1.2.0/stax-1.2.0.jar:/home/dam/.m2/repository/xpp3/xpp3/1.1.3.3/xpp3-1.1.3.3.jar:/home/dam/.m2/repository/com/google/code/gson/gson/2.8.9/gson-2.8.9.jar:/home/dam/.m2/repository/org/xerial/sqlite-jdbc/3.45.2.0/sqlite-jdbc-3.45.2.0.jar:/home/dam/.m2/repository/org/slf4j/slf4j-api/1.7.36/slf4j-api-1.7.36.jar:"/>
    <property name="sun.cpu.endian" value="little"/>
    <property name="user.home" value="/home/dam"/>
    <property name="user.language" value="es"/>
    <property name="java.specification.vendor" value="Oracle Corporation"/>
    <property name="java.version.date" value="2024-01-16"/>
    <property name="java.home" value="/usr/lib/jvm/java-17-openjdk-amd64"/>
    <property name="file.separator" value="/"/>
    <property name="basedir" value="/home/dam/1DAM/PRO/Repository/programming/practices/logica-fechas2"/>
    <property name="java.vm.compressedOopsMode" value="Zero based"/>
    <property name="line.separator" value="&#10;"/>
    <property name="java.vm.specification.vendor" value="Oracle Corporation"/>
    <property name="java.specification.name" value="Java Platform API Specification"/>
    <property name="surefire.real.class.path" value="/home/dam/1DAM/PRO/Repository/programming/practices/logica-fechas2/target/surefire/surefirebooter-20250124200339635_3.jar"/>
    <property name="sun.management.compiler" value="HotSpot 64-Bit Tiered Compilers"/>
    <property name="java.runtime.version" value="17.0.10+7-Ubuntu-122.04.1"/>
    <property name="user.name" value="dam"/>
    <property name="path.separator" value=":"/>
    <property name="os.version" value="5.15.0-100-generic"/>
    <property name="java.runtime.name" value="OpenJDK Runtime Environment"/>
    <property name="file.encoding" value="UTF-8"/>
    <property name="java.vm.name" value="OpenJDK 64-Bit Server VM"/>
    <property name="localRepository" value="/home/dam/.m2/repository"/>
    <property name="java.vendor.url.bug" value="Unknown"/>
    <property name="java.io.tmpdir" value="/tmp"/>
    <property name="java.version" value="17.0.10"/>
    <property name="user.dir" value="/home/dam/1DAM/PRO/Repository/programming/practices/logica-fechas2"/>
    <property name="os.arch" value="amd64"/>
    <property name="java.vm.specification.name" value="Java Virtual Machine Specification"/>
    <property name="native.encoding" value="UTF-8"/>
    <property name="java.library.path" value="/usr/java/packages/lib:/usr/lib/x86_64-linux-gnu/jni:/lib/x86_64-linux-gnu:/usr/lib/x86_64-linux-gnu:/usr/lib/jni:/lib:/usr/lib"/>
    <property name="java.vm.info" value="mixed mode, sharing"/>
    <property name="java.vendor" value="Private Build"/>
    <property name="java.vm.version" value="17.0.10+7-Ubuntu-122.04.1"/>
    <property name="sun.io.unicode.encoding" value="UnicodeLittle"/>
    <property name="java.class.version" value="61.0"/>
  </properties>
  <testcase name="testUnAnioFuturo" classname="es.ies.puerto.Ejercicio4Test" time="0.01"/>
  <testcase name="testAnioActualBisiesto" classname="es.ies.puerto.Ejercicio4Test" time="0.001"/>
  <testcase name="testAniosFuturosPositivos" classname="es.ies.puerto.Ejercicio4Test" time="0.002">
    <error message="Invalid date &apos;February 29&apos; as &apos;2025&apos; is not a leap year" type="java.time.DateTimeException"><![CDATA[java.time.DateTimeException: Invalid date 'February 29' as '2025' is not a leap year
	at java.base/java.time.LocalDate.create(LocalDate.java:459)
	at java.base/java.time.LocalDate.of(LocalDate.java:273)
	at es.ies.puerto.Ejercicio4.obtenerDiasBisiestos(Ejercicio4.java:19)
	at es.ies.puerto.Ejercicio4Test.testAniosFuturosPositivos(Ejercicio4Test.java:12)
	at java.base/java.lang.reflect.Method.invoke(Method.java:568)
	at java.base/java.util.ArrayList.forEach(ArrayList.java:1511)
	at java.base/java.util.ArrayList.forEach(ArrayList.java:1511)
]]></error>
  </testcase>
  <testcase name="testAnioNegativo" classname="es.ies.puerto.Ejercicio4Test" time="0.015">
    <failure message="Expected java.lang.IllegalArgumentException to be thrown, but nothing was thrown." type="org.opentest4j.AssertionFailedError"><![CDATA[org.opentest4j.AssertionFailedError: Expected java.lang.IllegalArgumentException to be thrown, but nothing was thrown.
	at org.junit.jupiter.api.AssertionFailureBuilder.build(AssertionFailureBuilder.java:152)
	at org.junit.jupiter.api.AssertThrows.assertThrows(AssertThrows.java:73)
	at org.junit.jupiter.api.AssertThrows.assertThrows(AssertThrows.java:35)
	at org.junit.jupiter.api.Assertions.assertThrows(Assertions.java:3111)
	at es.ies.puerto.Ejercicio4Test.testAnioNegativo(Ejercicio4Test.java:44)
	at java.base/java.lang.reflect.Method.invoke(Method.java:568)
	at java.base/java.util.ArrayList.forEach(ArrayList.java:1511)
	at java.base/java.util.ArrayList.forEach(ArrayList.java:1511)
]]></failure>
  </testcase>
  <testcase name="testCincoAniosFuturos" classname="es.ies.puerto.Ejercicio4Test" time="0.002">
    <error message="Invalid date &apos;February 29&apos; as &apos;2025&apos; is not a leap year" type="java.time.DateTimeException"><![CDATA[java.time.DateTimeException: Invalid date 'February 29' as '2025' is not a leap year
	at java.base/java.time.LocalDate.create(LocalDate.java:459)
	at java.base/java.time.LocalDate.of(LocalDate.java:273)
	at es.ies.puerto.Ejercicio4.obtenerDiasBisiestos(Ejercicio4.java:19)
	at es.ies.puerto.Ejercicio4Test.testCincoAniosFuturos(Ejercicio4Test.java:26)
	at java.base/java.lang.reflect.Method.invoke(Method.java:568)
	at java.base/java.util.ArrayList.forEach(ArrayList.java:1511)
	at java.base/java.util.ArrayList.forEach(ArrayList.java:1511)
]]></error>
  </testcase>
  <testcase name="testAnioCero" classname="es.ies.puerto.Ejercicio4Test" time="0.012">
    <failure message="Expected java.lang.IllegalArgumentException to be thrown, but nothing was thrown." type="org.opentest4j.AssertionFailedError"><![CDATA[org.opentest4j.AssertionFailedError: Expected java.lang.IllegalArgumentException to be thrown, but nothing was thrown.
	at org.junit.jupiter.api.AssertionFailureBuilder.build(AssertionFailureBuilder.java:152)
	at org.junit.jupiter.api.AssertThrows.assertThrows(AssertThrows.java:73)
	at org.junit.jupiter.api.AssertThrows.assertThrows(AssertThrows.java:35)
	at org.junit.jupiter.api.Assertions.assertThrows(Assertions.java:3111)
	at es.ies.puerto.Ejercicio4Test.testAnioCero(Ejercicio4Test.java:52)
	at java.base/java.lang.reflect.Method.invoke(Method.java:568)
	at java.base/java.util.ArrayList.forEach(ArrayList.java:1511)
	at java.base/java.util.ArrayList.forEach(ArrayList.java:1511)
]]></failure>
  </testcase>
  <testcase name="testProximos0AniosDesdeAnioBisiesto" classname="es.ies.puerto.Ejercicio4Test" time="0.006"/>
  <testcase name="testSoloProximosAniosBisiestos" classname="es.ies.puerto.Ejercicio4Test" time="0.003">
    <error message="Invalid date &apos;February 29&apos; as &apos;2025&apos; is not a leap year" type="java.time.DateTimeException"><![CDATA[java.time.DateTimeException: Invalid date 'February 29' as '2025' is not a leap year
	at java.base/java.time.LocalDate.create(LocalDate.java:459)
	at java.base/java.time.LocalDate.of(LocalDate.java:273)
	at es.ies.puerto.Ejercicio4.obtenerDiasBisiestos(Ejercicio4.java:19)
	at es.ies.puerto.Ejercicio4Test.testSoloProximosAniosBisiestos(Ejercicio4Test.java:60)
	at java.base/java.lang.reflect.Method.invoke(Method.java:568)
	at java.base/java.util.ArrayList.forEach(ArrayList.java:1511)
	at java.base/java.util.ArrayList.forEach(ArrayList.java:1511)
]]></error>
  </testcase>
</testsuite>